<?xml version="1.0" encoding="UTF-8"?>
<testsuite xmlns:xsi="http://www.w3.org/2001/XMLSchema-instance" xsi:noNamespaceSchemaLocation="https://maven.apache.org/surefire/maven-surefire-plugin/xsd/surefire-test-report.xsd" name="org.acme.quickstart.RandomNameResourceTest" time="5.798" tests="2" errors="0" skipped="0" failures="2">
  <properties>
[...]
</properties>
  <testcase name="testHelloEndpoint" classname="org.acme.quickstart.RandomNameResourceTest" time="1.439">
    <failure message="1 expectation failed.&#10;Expected status code &lt;200&gt; but was &lt;404&gt;.&#10;" type="java.lang.AssertionError"><![CDATA[java.lang.AssertionError: 
1 expectation failed.
Expected status code <200> but was <404>.

	at org.acme.quickstart.RandomNameResourceTest.testHelloEndpoint(RandomNameResourceTest.java:19)
]]></failure>
    <system-out><![CDATA[2019-12-27 12:05:54,760 INFO  [io.quarkus] (main) Quarkus 1.0.1.Final started in 0.505s. Listening on: http://0.0.0.0:8081
2019-12-27 12:05:54,762 INFO  [io.quarkus] (main) Profile test activated. 
2019-12-27 12:05:54,763 INFO  [io.quarkus] (main) Installed features: [cdi, resteasy]
]]></system-out>
  </testcase>
  <testcase name="testGreetingEndpoint" classname="org.acme.quickstart.RandomNameResourceTest" time="0.036">
    <failure message="1 expectation failed.&#10;Expected status code &lt;200&gt; but was &lt;404&gt;.&#10;" type="java.lang.AssertionError"><![CDATA[java.lang.AssertionError: 
1 expectation failed.
Expected status code <200> but was <404>.

	at org.acme.quickstart.RandomNameResourceTest.testGreetingEndpoint(RandomNameResourceTest.java:30)
]]></failure>
  </testcase>
</testsuite>